0 info it worked if it ends with ok
1 verbose cli [ '/usr/local/bin/node', '/usr/local/bin/npm', 'run', 'dev' ]
2 info using npm@3.3.9
3 info using node@v6.1.0
4 verbose run-script [ 'predev', 'dev', 'postdev' ]
5 info lifecycle ACG@0.1.0~predev: ACG@0.1.0
6 silly lifecycle ACG@0.1.0~predev: no script for predev, continuing
7 info lifecycle ACG@0.1.0~dev: ACG@0.1.0
8 verbose lifecycle ACG@0.1.0~dev: unsafe-perm in lifecycle true
9 verbose lifecycle ACG@0.1.0~dev: PATH: /usr/local/lib/node_modules/npm/bin/node-gyp-bin:/Users/L3ve/IRIYA/client/node_modules/.bin:/Users/L3ve/.pythonbrew/bin:/Users/L3ve/.pythonbrew/pythons/Python-2.7.2/bin:/usr/local/bin:/usr/bin:/bin:/usr/sbin:/sbin:/opt/X11/bin:/Users/L3ve/QT5.5.0/5.5/clang_64/bin
10 verbose lifecycle ACG@0.1.0~dev: CWD: /Users/L3ve/IRIYA/client
11 silly lifecycle ACG@0.1.0~dev: Args: [ '-c', 'BUILD_DEV=true webpack --watch' ]
12 silly lifecycle ACG@0.1.0~dev: Returned: code: 1  signal: null
13 info lifecycle ACG@0.1.0~dev: Failed to exec dev script
14 verbose stack Error: ACG@0.1.0 dev: `BUILD_DEV=true webpack --watch`
14 verbose stack Exit status 1
14 verbose stack     at EventEmitter.<anonymous> (/usr/local/lib/node_modules/npm/lib/utils/lifecycle.js:233:16)
14 verbose stack     at emitTwo (events.js:106:13)
14 verbose stack     at EventEmitter.emit (events.js:191:7)
14 verbose stack     at ChildProcess.<anonymous> (/usr/local/lib/node_modules/npm/lib/utils/spawn.js:24:14)
14 verbose stack     at emitTwo (events.js:106:13)
14 verbose stack     at ChildProcess.emit (events.js:191:7)
14 verbose stack     at maybeClose (internal/child_process.js:850:16)
14 verbose stack     at Process.ChildProcess._handle.onexit (internal/child_process.js:215:5)
15 verbose pkgid ACG@0.1.0
16 verbose cwd /Users/L3ve/IRIYA/client
17 error Darwin 15.4.0
18 error argv "/usr/local/bin/node" "/usr/local/bin/npm" "run" "dev"
19 error node v6.1.0
20 error npm  v3.3.9
21 error code ELIFECYCLE
22 error ACG@0.1.0 dev: `BUILD_DEV=true webpack --watch`
22 error Exit status 1
23 error Failed at the ACG@0.1.0 dev script 'BUILD_DEV=true webpack --watch'.
23 error This is most likely a problem with the ACG package,
23 error not with npm itself.
23 error Tell the author that this fails on your system:
23 error     BUILD_DEV=true webpack --watch
23 error You can get their info via:
23 error     npm owner ls ACG
23 error There is likely additional logging output above.
24 verbose exit [ 1, true ]
