Arguments: 
  /usr/local/bin/node /usr/local/bin/yarn

PATH: 
  /Users/L3ve/.pythonbrew/bin:/Users/L3ve/.pythonbrew/pythons/Python-2.7.2/bin:/usr/local/bin:/usr/bin:/bin:/usr/sbin:/sbin:/opt/X11/bin

Yarn version: 
  0.16.1

Node version: 
  7.0.0

Platform: 
  darwin x64

npm manifest: 
  {
    "name": "Substitute",
    "version": "0.3.0",
    "main": "main.js",
    "scripts": {
      "app": "./node_modules/.bin/electron  .",
      "build": "./node_modules/.bin/electron-rebuild",
      "dev": "BUILD_DEV=true webpack --watch"
    },
    "dependencies": {
      "nedb": "^1.8.0",
      "net": "^1.0.2",
      "socket.io": "^1.5.0",
      "react": "^15.3.2",
      "react-dom": "^15.3.2"
    },
    "devDependencies": {
      "autoprefixer": "^6.3.6",
      "babel-core": "^6.8.0",
      "babel-eslint": "^7.0.0",
      "babel-loader": "^6.2.4",
      "babel-plugin-transform-runtime": "^6.8.0",
      "babel-preset-es2015": "^6.6.0",
      "babel-preset-react": "^6.5.0",
      "babel-preset-stage-0": "^6.5.0",
      "babel-register": "^6.8.0",
      "babel-runtime": "^6.9.2",
      "css-loader": "^0.25.0",
      "electron-prebuilt": "^1.4.3",
      "eslint": "^3.7.1",
      "eslint-loader": "^1.3.0",
      "eslint-plugin-react": "^6.3.0",
      "exports-loader": "^0.6.3",
      "file-loader": "^0.9.0",
      "imports-loader": "^0.6.5",
      "node-libs-browser": "^1.0.0",
      "postcss-loader": "^0.13.0",
      "precss": "^1.4.0",
      "style-loader": "^0.13.1",
      "url-loader": "^0.5.7",
      "webpack": "^1.13.1",
      "webpack-dev-server": "^1.14.1",
      "electron-rebuild": "^1.2.1"
    }
  }

yarn manifest: 
  No manifest

bower manifest: 
  No manifest

Lockfile: 
  No lockfile

Trace: 
  Error: read ETIMEDOUT
      at exports._errnoException (util.js:1026:11)
      at TLSWrap.onread (net.js:572:26)
